<?xml version="1.0" encoding="UTF-8"?>
<!-- Generated by org.testng.reporters.JUnitXMLReporter -->
<testsuite hostname="ATLANTISPC-274" name="DriverScript]" tests="4" failures="3" timestamp="11 Feb 2016 08:33:17 GMT" time="0.748" errors="0">
  <testcase name="createXLSReport" time="0.005" classname="com.qtpselenium.test.DriverScript">
    <failure type="java.lang.NullPointerException">
      <![CDATA[java.lang.NullPointerException
	at com.qtpselenium.test.DriverScript.createXLSReport(DriverScript.java:188)
... Removed 24 stack frames]]>
    </failure>
  </testcase> <!-- createXLSReport -->
  <testcase name="executekeywords" time="0.0" classname="com.qtpselenium.test.DriverScript">
    <failure type="java.lang.NullPointerException">
      <![CDATA[java.lang.NullPointerException
	at com.qtpselenium.test.DriverScript.executekeywords(DriverScript.java:140)
... Removed 24 stack frames]]>
    </failure>
  </testcase> <!-- executekeywords -->
  <testcase name="main" time="0.001" classname="com.qtpselenium.test.DriverScript">
    <skipped/>
  </testcase> <!-- main -->
  <testcase name="start" time="0.734" classname="com.qtpselenium.test.DriverScript">
    <failure type="java.lang.NullPointerException">
      <![CDATA[java.lang.NullPointerException
	at com.qtpselenium.test.DriverScript.executekeywords(DriverScript.java:154)
	at com.qtpselenium.test.DriverScript.start(DriverScript.java:118)
... Removed 24 stack frames]]>
    </failure>
  </testcase> <!-- start -->
</testsuite> <!-- DriverScript] -->
