<?xml version="1.0" encoding="UTF-8"?>
<!-- Generated by org.testng.reporters.JUnitXMLReporter -->
<testsuite hostname="ATLANTISPC-274" name="DriverScript" tests="3" failures="2" timestamp="11 Feb 2016 09:35:33 GMT" time="3.765" errors="0">
  <testcase name="start" time="0.727" classname="com.qtpselenium.test.DriverScript">
    <failure type="java.lang.NullPointerException">
      <![CDATA[java.lang.NullPointerException
	at com.qtpselenium.test.DriverScript.executekeywords(DriverScript.java:154)
	at com.qtpselenium.test.DriverScript.start(DriverScript.java:118)
... Removed 24 stack frames]]>
    </failure>
  </testcase> <!-- start -->
  <testcase name="executekeywords" time="0.002" classname="com.qtpselenium.test.DriverScript">
    <failure type="java.lang.NullPointerException">
      <![CDATA[java.lang.NullPointerException
	at com.qtpselenium.test.DriverScript.executekeywords(DriverScript.java:154)
... Removed 24 stack frames]]>
    </failure>
  </testcase> <!-- executekeywords -->
  <testcase name="createXLSReport" time="3.027" classname="com.qtpselenium.test.DriverScript"/>
</testsuite> <!-- DriverScript -->
